[24-Mar-2022 22:04:49 America/New_York] PHP Deprecated:  Function AMQPQueue::declare() is deprecated in /home/parallels/Desktop/it490project/rabbitmq/rabbitMQLib.inc on line 233
[24-Mar-2022 22:04:49 America/New_York] PHP Warning:  file_get_contents(): Filename cannot be empty in /home/parallels/Desktop/it490project/database/databaseserver.php on line 239
[24-Mar-2022 22:04:56 America/New_York] PHP Deprecated:  Function AMQPQueue::declare() is deprecated in /home/parallels/Desktop/it490project/rabbitmq/rabbitMQLib.inc on line 233
[24-Mar-2022 22:04:56 America/New_York] PHP Warning:  file_get_contents([24-Mar-2022 22:04:49 America/New_York] PHP Deprecated:  Function AMQPQueue::declare() is deprecated in /home/parallels/Desktop/it490project/rabbitmq/rabbitMQLib.inc on line 233
[24-Mar-2022 22:04:49 America/New_York] PHP Warning:  file_get_contents(): Filename cannot be empty in /home/parallels/Desktop/it490project/database/databaseserver.php on line 239
): failed to open stream: No such file or directory in /home/parallels/Desktop/it490project/database/databaseserver.php on line 239
[24-Mar-2022 22:05:10 America/New_York] test
[24-Mar-2022 22:05:13 America/New_York] PHP Deprecated:  Function AMQPQueue::declare() is deprecated in /home/parallels/Desktop/it490project/rabbitmq/rabbitMQLib.inc on line 233
[24-Mar-2022 22:05:13 America/New_York] PHP Warning:  file_get_contents([24-Mar-2022 22:04:49 America/New_York] PHP Deprecated:  Function AMQPQueue::declare() is deprecated in /home/parallels/Desktop/it490project/rabbitmq/rabbitMQLib.inc on line 233
[24-Mar-2022 22:04:49 America/New_York] PHP Warning:  file_get_contents(): Filename cannot be empty in /home/parallels/Desktop/it490project/database/databaseserver.php on line 239
[24-Mar-2022 22:04:56 America/New_York] PHP Deprecated:  Function AMQPQueue::declare() is deprecated in /home/parallels/Desktop/it490project/rabbitmq/rabbitMQLib.inc on line 233
[24-Mar-2022 22:04:56 America/New_York] PHP Warning:  file_get_contents([24-Mar-2022 22:04:49 America/New_York] PHP Deprecated:  Function AMQPQueue::declare() is deprecated in /home/parallels/Desktop/it490project/rabbitmq/rabbitMQLib.inc on line 233
[24-Mar-2022 22:04:49 America/New_York] PHP Warning:  file_get_contents(): Filename cannot be empty in /home/parallels/Desktop/it490project/database/databaseserver.php on line 239
): failed to open stream: No such file o in /home/parallels/Desktop/it490project/database/databaseserver.php on line 239
[24-Mar-2022 22:07:23 America/New_York] test
[24-Mar-2022 22:07:26 America/New_York] PHP Deprecated:  Function AMQPQueue::declare() is deprecated in /home/parallels/Desktop/it490project/rabbitmq/rabbitMQLib.inc on line 233
[24-Mar-2022 22:07:26 America/New_York] PHP Warning:  file_get_contents([24-Mar-2022 22:04:49 America/New_York] PHP Deprecated:  Function AMQPQueue::declare() is deprecated in /home/parallels/Desktop/it490project/rabbitmq/rabbitMQLib.inc on line 233
[24-Mar-2022 22:04:49 America/New_York] PHP Warning:  file_get_contents(): Filename cannot be empty in /home/parallels/Desktop/it490project/database/databaseserver.php on line 239
[24-Mar-2022 22:04:56 America/New_York] PHP Deprecated:  Function AMQPQueue::declare() is deprecated in /home/parallels/Desktop/it490project/rabbitmq/rabbitMQLib.inc on line 233
[24-Mar-2022 22:04:56 America/New_York] PHP Warning:  file_get_contents([24-Mar-2022 22:04:49 America/New_York] PHP Deprecated:  Function AMQPQueue::declare() is deprecated in /home/parallels/Desktop/it490project/rabbitmq/rabbitMQLib.inc on line 233
[24-Mar-2022 22:04:49 America/New_York] PHP Warning:  file_get_contents(): Filename cannot be empty in /home/parallels/Desktop/it490project/database/databaseserver.php on line 239
): failed to open stream: No such file o in /home/parallels/Desktop/it490project/database/databaseserver.php on line 239
[24-Mar-2022 22:07:26 America/New_York] PHP Notice:  Trying to access array offset on value of type bool in /home/parallels/Desktop/it490project/errorlog.php on line 18
[24-Mar-2022 22:08:43 America/New_York] test
[24-Mar-2022 22:08:47 America/New_York] PHP Deprecated:  Function AMQPQueue::declare() is deprecated in /home/parallels/Desktop/it490project/rabbitmq/rabbitMQLib.inc on line 233
[24-Mar-2022 22:08:47 America/New_York] PHP Warning:  Illegal string offset 'error_string' in /home/parallels/Desktop/it490project/errorlog.php on line 18
[24-Mar-2022 22:10:43 America/New_York] test
[24-Mar-2022 22:10:45 America/New_York] PHP Deprecated:  Function AMQPQueue::declare() is deprecated in /home/parallels/Desktop/it490project/rabbitmq/rabbitMQLib.inc on line 233
[24-Mar-2022 22:10:45 America/New_York] PHP Warning:  Illegal string offset 'error_string' in /home/parallels/Desktop/it490project/errorlog.php on line 18
[24-Mar-2022 22:11:19 America/New_York] test
[24-Mar-2022 22:11:21 America/New_York] PHP Deprecated:  Function AMQPQueue::declare() is deprecated in /home/parallels/Desktop/it490project/rabbitmq/rabbitMQLib.inc on line 233
[24-Mar-2022 22:11:21 America/New_York] PHP Warning:  Illegal string offset 'error' in /home/parallels/Desktop/it490project/errorlog.php on line 18
[24-Mar-2022 22:11:54 America/New_York] test
[24-Mar-2022 22:11:56 America/New_York] PHP Deprecated:  Function AMQPQueue::declare() is deprecated in /home/parallels/Desktop/it490project/rabbitmq/rabbitMQLib.inc on line 233
[24-Mar-2022 22:11:56 America/New_York] PHP Warning:  Illegal string offset 'error' in /home/parallels/Desktop/it490project/errorlog.php on line 18
[24-Mar-2022 22:12:33 America/New_York] PHP Deprecated:  Function AMQPQueue::declare() is deprecated in /home/parallels/Desktop/it490project/rabbitmq/rabbitMQLib.inc on line 233
[24-Mar-2022 22:12:33 America/New_York] PHP Warning:  Illegal string offset 'error' in /home/parallels/Desktop/it490project/errorlog.php on line 18
[24-Mar-2022 22:12:57 America/New_York] PHP Notice:  Undefined index: fname in /var/www/html/it490project/website/pages/trade.php on line 7
[24-Mar-2022 22:12:57 America/New_York] PHP Deprecated:  Function AMQPQueue::declare() is deprecated in /var/www/html/it490project/rabbitmq/rabbitMQLib.inc on line 233
[24-Mar-2022 22:12:57 America/New_York] PHP Notice:  Undefined variable: news in /var/www/html/it490project/website/pages/trade.php on line 129
[24-Mar-2022 22:12:57 America/New_York] PHP Notice:  Trying to access array offset on value of type null in /var/www/html/it490project/website/pages/trade.php on line 129
[24-Mar-2022 22:12:57 America/New_York] PHP Warning:  Invalid argument supplied for foreach() in /var/www/html/it490project/website/pages/trade.php on line 129
[24-Mar-2022 22:12:57 America/New_York] PHP Notice:  Undefined variable: return in /var/www/html/it490project/website/pages/trade.php on line 177
[24-Mar-2022 22:12:57 America/New_York] PHP Notice:  Trying to access array offset on value of type null in /var/www/html/it490project/website/pages/trade.php on line 177
[24-Mar-2022 22:12:57 America/New_York] PHP Warning:  Invalid argument supplied for foreach() in /var/www/html/it490project/website/pages/trade.php on line 177
[24-Mar-2022 22:13:01 America/New_York] PHP Deprecated:  Function AMQPQueue::declare() is deprecated in /home/parallels/Desktop/it490project/rabbitmq/rabbitMQLib.inc on line 233
[24-Mar-2022 22:13:40 America/New_York] test
[24-Mar-2022 22:13:43 America/New_York] PHP Deprecated:  Function AMQPQueue::declare() is deprecated in /home/parallels/Desktop/it490project/rabbitmq/rabbitMQLib.inc on line 233
[24-Mar-2022 22:13:48 America/New_York] PHP Notice:  Undefined index: fname in /var/www/html/it490project/website/pages/trade.php on line 7
[24-Mar-2022 22:13:48 America/New_York] PHP Deprecated:  Function AMQPQueue::declare() is deprecated in /var/www/html/it490project/rabbitmq/rabbitMQLib.inc on line 233
[24-Mar-2022 22:13:48 America/New_York] PHP Notice:  Undefined variable: news in /var/www/html/it490project/website/pages/trade.php on line 129
[24-Mar-2022 22:13:48 America/New_York] PHP Notice:  Trying to access array offset on value of type null in /var/www/html/it490project/website/pages/trade.php on line 129
[24-Mar-2022 22:13:48 America/New_York] PHP Warning:  Invalid argument supplied for foreach() in /var/www/html/it490project/website/pages/trade.php on line 129
[24-Mar-2022 22:13:48 America/New_York] PHP Notice:  Undefined variable: return in /var/www/html/it490project/website/pages/trade.php on line 177
[24-Mar-2022 22:13:48 America/New_York] PHP Notice:  Trying to access array offset on value of type null in /var/www/html/it490project/website/pages/trade.php on line 177
[24-Mar-2022 22:13:48 America/New_York] PHP Warning:  Invalid argument supplied for foreach() in /var/www/html/it490project/website/pages/trade.php on line 177
[24-Mar-2022 22:13:50 America/New_York] PHP Deprecated:  Function AMQPQueue::declare() is deprecated in /home/parallels/Desktop/it490project/rabbitmq/rabbitMQLib.inc on line 233
[24-Mar-2022 22:29:37 America/New_York] test
[24-Mar-2022 22:29:57 America/New_York] PHP Deprecated:  Function AMQPQueue::declare() is deprecated in /home/parallels/Desktop/it490project/rabbitmq/rabbitMQLib.inc on line 233
[24-Mar-2022 22:30:06 America/New_York] PHP Deprecated:  Function AMQPQueue::declare() is deprecated in /home/parallels/Desktop/it490project/rabbitmq/rabbitMQLib.inc on line 233
[24-Mar-2022 22:30:19 America/New_York] PHP Deprecated:  Function AMQPQueue::declare() is deprecated in /home/parallels/Desktop/it490project/rabbitmq/rabbitMQLib.inc on line 233
[24-Mar-2022 22:30:24 America/New_York] PHP Deprecated:  Function AMQPQueue::declare() is deprecated in /home/parallels/Desktop/it490project/rabbitmq/rabbitMQLib.inc on line 233
[24-Mar-2022 22:32:38 America/New_York] PHP Deprecated:  Function AMQPQueue::declare() is deprecated in /home/parallels/Desktop/it490project/rabbitmq/rabbitMQLib.inc on line 233
