[24-Mar-2022 02:12:41 America/New_York] PHP Deprecated:  Function AMQPQueue::declare() is deprecated in /var/www/html/it490project/rabbitmq/rabbitMQLib.inc on line 233
[24-Mar-2022 02:12:41 America/New_York] log in for user unsuccessful
[24-Mar-2022 02:13:02 America/New_York] PHP Deprecated:  Function AMQPQueue::declare() is deprecated in /var/www/html/it490project/rabbitmq/rabbitMQLib.inc on line 233
[24-Mar-2022 02:13:02 America/New_York] PHP Notice:  session_start(): A session had already been started - ignoring in /var/www/html/it490project/website/pages/dash.php on line 7
[24-Mar-2022 02:13:03 America/New_York] PHP Notice:  session_start(): A session had already been started - ignoring in /var/www/html/it490project/website/pages/dash.php on line 7
[24-Mar-2022 02:13:14 America/New_York] PHP Notice:  session_start(): A session had already been started - ignoring in /var/www/html/it490project/website/home.php on line 170
[24-Mar-2022 02:13:14 America/New_York] PHP Deprecated:  Function AMQPQueue::declare() is deprecated in /var/www/html/it490project/rabbitmq/rabbitMQLib.inc on line 233
[24-Mar-2022 02:13:14 America/New_York] PHP Notice:  session_start(): A session had already been started - ignoring in /var/www/html/it490project/website/send_message.php on line 23
[24-Mar-2022 02:13:14 America/New_York] PHP Warning:  include(pages/conn.php): failed to open stream: No such file or directory in /var/www/html/it490project/website/send_message.php on line 24
[24-Mar-2022 02:13:14 America/New_York] PHP Warning:  include(): Failed opening 'pages/conn.php' for inclusion (include_path='.:/usr/share/php:/usr/local/lib/system_libs') in /var/www/html/it490project/website/send_message.php on line 24
[24-Mar-2022 02:13:14 America/New_York] PHP Deprecated:  Function AMQPQueue::declare() is deprecated in /var/www/html/it490project/rabbitmq/rabbitMQLib.inc on line 233
[24-Mar-2022 02:13:18 America/New_York] PHP Notice:  Undefined index: stock in /var/www/html/it490project/website/pages/research.php on line 15
[24-Mar-2022 02:13:18 America/New_York] PHP Notice:  Undefined variable: day in /var/www/html/it490project/website/pages/research.php on line 123
[24-Mar-2022 02:13:18 America/New_York] PHP Notice:  Trying to access array offset on value of type null in /var/www/html/it490project/website/pages/research.php on line 123
[24-Mar-2022 02:13:18 America/New_York] PHP Notice:  Trying to access array offset on value of type null in /var/www/html/it490project/website/pages/research.php on line 123
[24-Mar-2022 02:13:18 America/New_York] PHP Notice:  Undefined variable: day in /var/www/html/it490project/website/pages/research.php on line 124
[24-Mar-2022 02:13:18 America/New_York] PHP Notice:  Trying to access array offset on value of type null in /var/www/html/it490project/website/pages/research.php on line 124
[24-Mar-2022 02:13:18 America/New_York] PHP Notice:  Trying to access array offset on value of type null in /var/www/html/it490project/website/pages/research.php on line 124
[24-Mar-2022 02:13:18 America/New_York] PHP Notice:  Undefined variable: day in /var/www/html/it490project/website/pages/research.php on line 125
[24-Mar-2022 02:13:18 America/New_York] PHP Notice:  Trying to access array offset on value of type null in /var/www/html/it490project/website/pages/research.php on line 125
[24-Mar-2022 02:13:18 America/New_York] PHP Notice:  Trying to access array offset on value of type null in /var/www/html/it490project/website/pages/research.php on line 125
[24-Mar-2022 02:13:18 America/New_York] PHP Notice:  Undefined variable: day in /var/www/html/it490project/website/pages/research.php on line 126
[24-Mar-2022 02:13:18 America/New_York] PHP Notice:  Trying to access array offset on value of type null in /var/www/html/it490project/website/pages/research.php on line 126
[24-Mar-2022 02:13:18 America/New_York] PHP Notice:  Trying to access array offset on value of type null in /var/www/html/it490project/website/pages/research.php on line 126
[24-Mar-2022 02:13:18 America/New_York] PHP Notice:  Undefined variable: day in /var/www/html/it490project/website/pages/research.php on line 127
[24-Mar-2022 02:13:18 America/New_York] PHP Notice:  Trying to access array offset on value of type null in /var/www/html/it490project/website/pages/research.php on line 127
[24-Mar-2022 02:13:18 America/New_York] PHP Notice:  Trying to access array offset on value of type null in /var/www/html/it490project/website/pages/research.php on line 127
[24-Mar-2022 02:13:18 America/New_York] PHP Notice:  Undefined variable: day in /var/www/html/it490project/website/pages/research.php on line 128
[24-Mar-2022 02:13:18 America/New_York] PHP Notice:  Trying to access array offset on value of type null in /var/www/html/it490project/website/pages/research.php on line 128
[24-Mar-2022 02:13:18 America/New_York] PHP Notice:  Trying to access array offset on value of type null in /var/www/html/it490project/website/pages/research.php on line 128
[24-Mar-2022 02:13:18 America/New_York] PHP Notice:  Undefined variable: count in /var/www/html/it490project/website/pages/research.php on line 133
[24-Mar-2022 02:13:23 America/New_York] PHP Notice:  Undefined index: fname in /var/www/html/it490project/website/pages/trade.php on line 7
[24-Mar-2022 02:13:23 America/New_York] PHP Deprecated:  Function AMQPQueue::declare() is deprecated in /var/www/html/it490project/rabbitmq/rabbitMQLib.inc on line 233
[24-Mar-2022 02:13:23 America/New_York] PHP Notice:  Undefined variable: news in /var/www/html/it490project/website/pages/trade.php on line 129
[24-Mar-2022 02:13:23 America/New_York] PHP Notice:  Trying to access array offset on value of type null in /var/www/html/it490project/website/pages/trade.php on line 129
[24-Mar-2022 02:13:23 America/New_York] PHP Warning:  Invalid argument supplied for foreach() in /var/www/html/it490project/website/pages/trade.php on line 129
[24-Mar-2022 02:13:23 America/New_York] PHP Notice:  Undefined variable: return in /var/www/html/it490project/website/pages/trade.php on line 177
[24-Mar-2022 02:13:23 America/New_York] PHP Notice:  Trying to access array offset on value of type null in /var/www/html/it490project/website/pages/trade.php on line 177
[24-Mar-2022 02:13:23 America/New_York] PHP Warning:  Invalid argument supplied for foreach() in /var/www/html/it490project/website/pages/trade.php on line 177
[24-Mar-2022 02:14:33 America/New_York] test
[24-Mar-2022 02:17:55 America/New_York] PHP Notice:  session_start(): A session had already been started - ignoring in /var/www/html/it490project/website/home.php on line 170
[24-Mar-2022 02:17:55 America/New_York] PHP Deprecated:  Function AMQPQueue::declare() is deprecated in /var/www/html/it490project/rabbitmq/rabbitMQLib.inc on line 233
[24-Mar-2022 02:17:55 America/New_York] PHP Notice:  session_start(): A session had already been started - ignoring in /var/www/html/it490project/website/send_message.php on line 23
[24-Mar-2022 02:17:55 America/New_York] PHP Warning:  include(pages/conn.php): failed to open stream: No such file or directory in /var/www/html/it490project/website/send_message.php on line 24
[24-Mar-2022 02:17:55 America/New_York] PHP Warning:  include(): Failed opening 'pages/conn.php' for inclusion (include_path='.:/usr/share/php:/usr/local/lib/system_libs') in /var/www/html/it490project/website/send_message.php on line 24
[24-Mar-2022 02:17:55 America/New_York] PHP Deprecated:  Function AMQPQueue::declare() is deprecated in /var/www/html/it490project/rabbitmq/rabbitMQLib.inc on line 233
[24-Mar-2022 02:18:05 America/New_York] PHP Deprecated:  Function AMQPQueue::declare() is deprecated in /var/www/html/it490project/rabbitmq/rabbitMQLib.inc on line 233
[24-Mar-2022 02:18:05 America/New_York] log in for user unsuccessful
[24-Mar-2022 02:19:43 America/New_York] test
[24-Mar-2022 02:19:56 America/New_York] PHP Deprecated:  Function AMQPQueue::declare() is deprecated in /var/www/html/it490project/rabbitmq/rabbitMQLib.inc on line 233
[24-Mar-2022 02:19:56 America/New_York] log in for user unsuccessful
[24-Mar-2022 02:20:36 America/New_York] PHP Deprecated:  Function AMQPQueue::declare() is deprecated in /var/www/html/it490project/rabbitmq/rabbitMQLib.inc on line 233
[24-Mar-2022 02:20:48 America/New_York] test
[24-Mar-2022 02:20:48 America/New_York] PHP Notice:  session_start(): A session had already been started - ignoring in /var/www/html/it490project/website/pages/dash.php on line 7
[24-Mar-2022 02:20:50 America/New_York] PHP Notice:  session_start(): A session had already been started - ignoring in /var/www/html/it490project/website/home.php on line 170
[24-Mar-2022 02:20:50 America/New_York] PHP Deprecated:  Function AMQPQueue::declare() is deprecated in /var/www/html/it490project/rabbitmq/rabbitMQLib.inc on line 233
[24-Mar-2022 02:20:50 America/New_York] PHP Notice:  session_start(): A session had already been started - ignoring in /var/www/html/it490project/website/send_message.php on line 23
[24-Mar-2022 02:20:50 America/New_York] PHP Warning:  include(pages/conn.php): failed to open stream: No such file or directory in /var/www/html/it490project/website/send_message.php on line 24
[24-Mar-2022 02:20:50 America/New_York] PHP Warning:  include(): Failed opening 'pages/conn.php' for inclusion (include_path='.:/usr/share/php:/usr/local/lib/system_libs') in /var/www/html/it490project/website/send_message.php on line 24
[24-Mar-2022 02:20:50 America/New_York] PHP Deprecated:  Function AMQPQueue::declare() is deprecated in /var/www/html/it490project/rabbitmq/rabbitMQLib.inc on line 233
[24-Mar-2022 02:20:51 America/New_York] PHP Notice:  session_start(): A session had already been started - ignoring in /var/www/html/it490project/website/home.php on line 170
[24-Mar-2022 02:20:51 America/New_York] PHP Deprecated:  Function AMQPQueue::declare() is deprecated in /var/www/html/it490project/rabbitmq/rabbitMQLib.inc on line 233
[24-Mar-2022 02:20:51 America/New_York] PHP Notice:  session_start(): A session had already been started - ignoring in /var/www/html/it490project/website/send_message.php on line 23
[24-Mar-2022 02:20:51 America/New_York] PHP Warning:  include(pages/conn.php): failed to open stream: No such file or directory in /var/www/html/it490project/website/send_message.php on line 24
[24-Mar-2022 02:20:51 America/New_York] PHP Warning:  include(): Failed opening 'pages/conn.php' for inclusion (include_path='.:/usr/share/php:/usr/local/lib/system_libs') in /var/www/html/it490project/website/send_message.php on line 24
[24-Mar-2022 02:20:51 America/New_York] PHP Deprecated:  Function AMQPQueue::declare() is deprecated in /var/www/html/it490project/rabbitmq/rabbitMQLib.inc on line 233
[24-Mar-2022 02:20:53 America/New_York] PHP Notice:  Undefined index: fname in /var/www/html/it490project/website/pages/trade.php on line 7
[24-Mar-2022 02:20:55 America/New_York] PHP Deprecated:  Function AMQPQueue::declare() is deprecated in /var/www/html/it490project/rabbitmq/rabbitMQLib.inc on line 233
[24-Mar-2022 02:20:55 America/New_York] PHP Notice:  Undefined variable: news in /var/www/html/it490project/website/pages/trade.php on line 129
[24-Mar-2022 02:20:55 America/New_York] PHP Notice:  Trying to access array offset on value of type null in /var/www/html/it490project/website/pages/trade.php on line 129
[24-Mar-2022 02:20:55 America/New_York] PHP Warning:  Invalid argument supplied for foreach() in /var/www/html/it490project/website/pages/trade.php on line 129
[24-Mar-2022 02:20:55 America/New_York] PHP Notice:  Undefined variable: return in /var/www/html/it490project/website/pages/trade.php on line 177
[24-Mar-2022 02:20:55 America/New_York] PHP Notice:  Trying to access array offset on value of type null in /var/www/html/it490project/website/pages/trade.php on line 177
[24-Mar-2022 02:20:55 America/New_York] PHP Warning:  Invalid argument supplied for foreach() in /var/www/html/it490project/website/pages/trade.php on line 177
[24-Mar-2022 02:20:57 America/New_York] PHP Deprecated:  Function AMQPQueue::declare() is deprecated in /var/www/html/it490project/rabbitmq/rabbitMQLib.inc on line 233
[24-Mar-2022 02:21:00 America/New_York] PHP Deprecated:  Function AMQPQueue::declare() is deprecated in /var/www/html/it490project/rabbitmq/rabbitMQLib.inc on line 233
[24-Mar-2022 02:21:01 America/New_York] PHP Notice:  Undefined index: fname in /var/www/html/it490project/website/pages/trade.php on line 7
[24-Mar-2022 02:21:01 America/New_York] PHP Deprecated:  Function AMQPQueue::declare() is deprecated in /var/www/html/it490project/rabbitmq/rabbitMQLib.inc on line 233
[24-Mar-2022 02:21:01 America/New_York] PHP Notice:  Undefined variable: news in /var/www/html/it490project/website/pages/trade.php on line 129
[24-Mar-2022 02:21:01 America/New_York] PHP Notice:  Trying to access array offset on value of type null in /var/www/html/it490project/website/pages/trade.php on line 129
[24-Mar-2022 02:21:01 America/New_York] PHP Warning:  Invalid argument supplied for foreach() in /var/www/html/it490project/website/pages/trade.php on line 129
[24-Mar-2022 02:21:01 America/New_York] PHP Notice:  Undefined variable: return in /var/www/html/it490project/website/pages/trade.php on line 177
[24-Mar-2022 02:21:01 America/New_York] PHP Notice:  Trying to access array offset on value of type null in /var/www/html/it490project/website/pages/trade.php on line 177
[24-Mar-2022 02:21:01 America/New_York] PHP Warning:  Invalid argument supplied for foreach() in /var/www/html/it490project/website/pages/trade.php on line 177
